#
# There is insufficient memory for the Java Runtime Environment to continue.
# Native memory allocation (mmap) failed to map 1073741824 bytes for G1 virtual space
# Possible reasons:
#   The system is out of physical RAM or swap space
#   The process is running with CompressedOops enabled, and the Java Heap may be blocking the growth of the native heap
# Possible solutions:
#   Reduce memory load on the system
#   Increase physical memory or swap space
#   Check if swap backing store is full
#   Decrease Java heap size (-Xmx/-Xms)
#   Decrease number of Java threads
#   Decrease Java thread stack sizes (-Xss)
#   Set larger code cache with -XX:ReservedCodeCacheSize=
#   JVM is running with Zero Based Compressed Oops mode in which the Java heap is
#     placed in the first 32GB address space. The Java Heap base address is the
#     maximum limit for the native heap growth. Please use -XX:HeapBaseMinAddress
#     to set the Java Heap base and to place the Java Heap above 32GB virtual address.
# This output file may be truncated or incomplete.
#
#  Out of Memory Error (os_windows.cpp:3552), pid=51124, tid=26000
#
# JRE version:  (17.0.9+11) (build )
# Java VM: Java HotSpot(TM) 64-Bit Server VM (17.0.9+11-LTS-201, mixed mode, sharing, tiered, compressed oops, compressed class ptrs, g1 gc, windows-amd64)
# No core dump will be written. Minidumps are not enabled by default on client versions of Windows
#

---------------  S U M M A R Y ------------

Command Line: -Dfile.encoding=UTF-8 -Dstdout.encoding=UTF-8 -Dstderr.encoding=UTF-8 -XX:+ShowCodeDetailsInExceptionMessages PubClient

Host: Intel(R) Core(TM) i7-14700KF, 28 cores, 63G,  Windows 11 , 64 bit Build 22621 (10.0.22621.3958)
Time: Thu Nov  7 13:18:31 2024  Windows 11 , 64 bit Build 22621 (10.0.22621.3958) elapsed time: 0.008704 seconds (0d 0h 0m 0s)

---------------  T H R E A D  ---------------

Current thread (0x000002381fd1f630):  JavaThread "Unknown thread" [_thread_in_vm, id=26000, stack(0x0000008da1900000,0x0000008da1a00000)]

Stack: [0x0000008da1900000,0x0000008da1a00000]
Native frames: (J=compiled Java code, j=interpreted, Vv=VM code, C=native code)
V  [jvm.dll+0x678a4a]
V  [jvm.dll+0x7d9cfd]
V  [jvm.dll+0x7db60e]
V  [jvm.dll+0x7dbc73]
V  [jvm.dll+0x245e1f]
V  [jvm.dll+0x6758f9]
V  [jvm.dll+0x66a2a2]
V  [jvm.dll+0x303686]
V  [jvm.dll+0x30ac06]
V  [jvm.dll+0x35a48e]
V  [jvm.dll+0x35a6bf]
V  [jvm.dll+0x2da678]
V  [jvm.dll+0x2db5e4]
V  [jvm.dll+0x7ab6b1]
V  [jvm.dll+0x368041]
V  [jvm.dll+0x78a749]
V  [jvm.dll+0x3ebd4f]
V  [jvm.dll+0x3ed7d1]
C  [jli.dll+0x5297]
C  [ucrtbase.dll+0x29333]
C  [KERNEL32.DLL+0x1257d]
C  [ntdll.dll+0x5af08]


---------------  P R O C E S S  ---------------

Threads class SMR info:
_java_thread_list=0x00007ffe900c89d8, length=0, elements={
}

Java Threads: ( => current thread )

Other Threads:
  0x000002381fdd2c80 GCTaskThread "GC Thread#0" [stack: 0x0000008da1a00000,0x0000008da1b00000] [id=17904]
  0x000002381fd3fcf0 ConcurrentGCThread "G1 Main Marker" [stack: 0x0000008da1b00000,0x0000008da1c00000] [id=67216]
  0x000002381fde4110 ConcurrentGCThread "G1 Conc#0" [stack: 0x0000008da1c00000,0x0000008da1d00000] [id=77408]

[error occurred during error reporting (printing all threads), id 0xc0000005, EXCEPTION_ACCESS_VIOLATION (0xc0000005) at pc=0x00007ffe8f8fb2d7]

VM state: not at safepoint (not fully initialized)

VM Mutex/Monitor currently owned by a thread:  ([mutex/lock_event])
[0x000002381fd1bca0] Heap_lock - owner thread: 0x000002381fd1f630

Heap address: 0x0000000402800000, size: 16344 MB, Compressed Oops mode: Zero based, Oop shift amount: 3

CDS archive(s) mapped at: [0x0000000000000000-0x0000000000000000-0x0000000000000000), size 0, SharedBaseAddress: 0x0000000800000000, ArchiveRelocationMode: 1.
Narrow klass base: 0x0000000000000000, Narrow klass shift: 0, Narrow klass range: 0x0

GC Precious Log:
<Empty>

Heap:
 garbage-first heap   total 0K, used 0K [0x0000000402800000, 0x0000000800000000)
  region size 8192K, 0 young (0K), 0 survivors (0K)

[error occurred during error reporting (printing heap information), id 0xc0000005, EXCEPTION_ACCESS_VIOLATION (0xc0000005) at pc=0x00007ffe8fce2229]

GC Heap History (0 events):
No events

Deoptimization events (0 events):
No events

Classes unloaded (0 events):
No events

Classes redefined (0 events):
No events

Internal exceptions (0 events):
No events

VM Operations (0 events):
No events

Events (1 events):
Event: 0.006 Loaded shared library C:\Program Files\Java\jdk-17\bin\java.dll


Dynamic libraries:
0x00007ff7a4130000 - 0x00007ff7a4140000 	C:\Program Files\Java\jdk-17\bin\javaw.exe
0x00007fff3e5b0000 - 0x00007fff3e7c7000 	C:\WINDOWS\SYSTEM32\ntdll.dll
0x00007fff3d680000 - 0x00007fff3d744000 	C:\WINDOWS\System32\KERNEL32.DLL
0x00007fff3bd10000 - 0x00007fff3c0c7000 	C:\WINDOWS\System32\KERNELBASE.dll
0x00007fff3ba50000 - 0x00007fff3bb61000 	C:\WINDOWS\System32\ucrtbase.dll
0x00007fff36b00000 - 0x00007fff36b1b000 	C:\Program Files\Java\jdk-17\bin\VCRUNTIME140.dll
0x00007fff34650000 - 0x00007fff34669000 	C:\Program Files\Java\jdk-17\bin\jli.dll
0x00007fff3cac0000 - 0x00007fff3cb72000 	C:\WINDOWS\System32\ADVAPI32.dll
0x00007fff3ccb0000 - 0x00007fff3cd57000 	C:\WINDOWS\System32\msvcrt.dll
0x00007fff3cbe0000 - 0x00007fff3cc88000 	C:\WINDOWS\System32\sechost.dll
0x00007fff3c210000 - 0x00007fff3c238000 	C:\WINDOWS\System32\bcrypt.dll
0x00007fff3d470000 - 0x00007fff3d584000 	C:\WINDOWS\System32\RPCRT4.dll
0x00007fff3cd80000 - 0x00007fff3cf2f000 	C:\WINDOWS\System32\USER32.dll
0x00007fff3bce0000 - 0x00007fff3bd06000 	C:\WINDOWS\System32\win32u.dll
0x00007fff3c8b0000 - 0x00007fff3c8d9000 	C:\WINDOWS\System32\GDI32.dll
0x00007fff3b930000 - 0x00007fff3ba48000 	C:\WINDOWS\System32\gdi32full.dll
0x00007fff2b0e0000 - 0x00007fff2b373000 	C:\WINDOWS\WinSxS\amd64_microsoft.windows.common-controls_6595b64144ccf1df_6.0.22621.3672_none_2713b9d173822955\COMCTL32.dll
0x00007fff3c240000 - 0x00007fff3c2da000 	C:\WINDOWS\System32\msvcp_win.dll
0x00007fff338d0000 - 0x00007fff338da000 	C:\WINDOWS\SYSTEM32\VERSION.dll
0x00007fff3c2e0000 - 0x00007fff3c311000 	C:\WINDOWS\System32\IMM32.DLL
0x00007fff38af0000 - 0x00007fff38afc000 	C:\Program Files\Java\jdk-17\bin\vcruntime140_1.dll
0x00007fff0dd60000 - 0x00007fff0ddee000 	C:\Program Files\Java\jdk-17\bin\msvcp140.dll
0x00007ffe8f610000 - 0x00007ffe901f1000 	C:\Program Files\Java\jdk-17\bin\server\jvm.dll
0x00007fff3c320000 - 0x00007fff3c328000 	C:\WINDOWS\System32\PSAPI.DLL
0x00007fff34570000 - 0x00007fff345a4000 	C:\WINDOWS\SYSTEM32\WINMM.dll
0x00007ffefe990000 - 0x00007ffefe999000 	C:\WINDOWS\SYSTEM32\WSOCK32.dll
0x00007fff3e250000 - 0x00007fff3e2c1000 	C:\WINDOWS\System32\WS2_32.dll
0x00007fff3aa00000 - 0x00007fff3aa18000 	C:\WINDOWS\SYSTEM32\kernel.appcore.dll
0x00007fff289e0000 - 0x00007fff289ea000 	C:\Program Files\Java\jdk-17\bin\jimage.dll
0x00007fff2e8d0000 - 0x00007fff2eb02000 	C:\WINDOWS\SYSTEM32\DBGHELP.DLL
0x00007fff3d0e0000 - 0x00007fff3d46e000 	C:\WINDOWS\System32\combase.dll
0x00007fff3e2d0000 - 0x00007fff3e3a7000 	C:\WINDOWS\System32\OLEAUT32.dll
0x00007fff1c9b0000 - 0x00007fff1c9e2000 	C:\WINDOWS\SYSTEM32\dbgcore.DLL
0x00007fff3c0d0000 - 0x00007fff3c14b000 	C:\WINDOWS\System32\bcryptPrimitives.dll
0x00007fff289b0000 - 0x00007fff289d5000 	C:\Program Files\Java\jdk-17\bin\java.dll

dbghelp: loaded successfully - version: 4.0.5 - missing functions: none
symbol engine: initialized successfully - sym options: 0x614 - pdb path: .;C:\Program Files\Java\jdk-17\bin;C:\WINDOWS\SYSTEM32;C:\WINDOWS\WinSxS\amd64_microsoft.windows.common-controls_6595b64144ccf1df_6.0.22621.3672_none_2713b9d173822955;C:\Program Files\Java\jdk-17\bin\server

VM Arguments:
jvm_args: -Dfile.encoding=UTF-8 -Dstdout.encoding=UTF-8 -Dstderr.encoding=UTF-8 -XX:+ShowCodeDetailsInExceptionMessages 
java_command: PubClient
java_class_path (initial): F:\java_workspace\new\MQTTClients\bin;F:\java_workspace\new\MQTTClients\lib\org.eclipse.paho.client.mqttv3-1.2.5.jar
Launcher Type: SUN_STANDARD

[Global flags]
     intx CICompilerCount                          = 12                                        {product} {ergonomic}
     uint ConcGCThreads                            = 5                                         {product} {ergonomic}
     uint G1ConcRefinementThreads                  = 20                                        {product} {ergonomic}
   size_t G1HeapRegionSize                         = 8388608                                   {product} {ergonomic}
    uintx GCDrainStackTargetSize                   = 64                                        {product} {ergonomic}
   size_t InitialHeapSize                          = 1073741824                                {product} {ergonomic}
   size_t MarkStackSize                            = 4194304                                   {product} {ergonomic}
   size_t MaxHeapSize                              = 17137926144                               {product} {ergonomic}
   size_t MinHeapDeltaBytes                        = 8388608                                   {product} {ergonomic}
   size_t MinHeapSize                              = 8388608                                   {product} {ergonomic}
    uintx NonNMethodCodeHeapSize                   = 7602480                                {pd product} {ergonomic}
    uintx NonProfiledCodeHeapSize                  = 122027880                              {pd product} {ergonomic}
    uintx ProfiledCodeHeapSize                     = 122027880                              {pd product} {ergonomic}
    uintx ReservedCodeCacheSize                    = 251658240                              {pd product} {ergonomic}
     bool SegmentedCodeCache                       = true                                      {product} {ergonomic}
     bool ShowCodeDetailsInExceptionMessages       = true                                   {manageable} {command line}
   size_t SoftMaxHeapSize                          = 17137926144                            {manageable} {ergonomic}
     bool UseCompressedClassPointers               = true                           {product lp64_product} {ergonomic}
     bool UseCompressedOops                        = true                           {product lp64_product} {ergonomic}
     bool UseG1GC                                  = true                                      {product} {ergonomic}
     bool UseLargePagesIndividualAllocation        = false                                  {pd product} {ergonomic}

Logging:
Log output configuration:
 #0: stdout all=warning uptime,level,tags
 #1: stderr all=off uptime,level,tags

Environment Variables:
PATH=C:/Program Files/Java/jdk-17/bin/server;C:/Program Files/Java/jdk-17/bin;C:\Program Files\Common Files\Oracle\Java\javapath;C:\WINDOWS\system32;C:\WINDOWS;C:\WINDOWS\System32\Wbem;C:\WINDOWS\System32\WindowsPowerShell\v1.0\;C:\WINDOWS\System32\OpenSSH\;C:\Program Files\dotnet\;C:\Users\dhkim\AppData\Local\Microsoft\WindowsApps;C:\Users\dhkim\AppData\Local\Programs\Microsoft VS Code\bin;C:\WINDOWS\system32;
USERNAME=dhkim
OS=Windows_NT
PROCESSOR_IDENTIFIER=Intel64 Family 6 Model 183 Stepping 1, GenuineIntel



---------------  S Y S T E M  ---------------

OS:
 Windows 11 , 64 bit Build 22621 (10.0.22621.3958)
OS uptime: 9 days 20:19 hours

CPU: total 28 (initial active 28) (14 cores per cpu, 2 threads per core) family 6 model 183 stepping 1 microcode 0x11d, cx8, cmov, fxsr, ht, mmx, 3dnowpref, sse, sse2, sse3, ssse3, sse4.1, sse4.2, popcnt, lzcnt, tsc, tscinvbit, avx, avx2, aes, erms, clmul, bmi1, bmi2, adx, sha, fma, vzeroupper, clflush, clflushopt, clwb

Memory: 4k page, system-wide physical 65349M (39839M free)
TotalPageFile size 124808M (AvailPageFile size 498M)
current process WorkingSet (physical memory assigned to process): 12M, peak: 12M
current process commit charge ("private bytes"): 86M, peak: 1110M

vm_info: Java HotSpot(TM) 64-Bit Server VM (17.0.9+11-LTS-201) for windows-amd64 JRE (17.0.9+11-LTS-201), built on Oct 10 2023 23:16:06 by "mach5one" with MS VC++ 17.1 (VS2022)

END.
